+-------------+------------+------------+------------+
| lower_bound |  sleep 0s  |  sleep 1s  |  sleep 2s  |
+-------------+------------+------------+------------+
|      0      |  15.85464  |  26.2196   |  35.38956  |
|      1      |  17.42124  |  26.73048  |  35.0078   |
|      2      |  18.63584  |  26.00694  |  33.57976  |
|      3      |  18.03884  |  25.96244  |  35.06124  |
|      4      |  18.1797   |  26.02056  |  34.79572  |
|      5      |  19.16474  |  26.09174  |  34.95536  |
|      6      |  19.30984  |  26.97084  |  34.2888   |
|      7      |  19.36946  |  26.07602  |  34.28108  |
|      8      |  18.93406  |  25.74958  |  34.73494  |
|      9      |  19.2352   |  26.79788  |  35.2292   |
|      10     |  19.5911   |  26.19458  |  34.19022  |
|      20     |  20.94636  |  25.17954  |  34.8195   |
|      40     |  21.29968  |  25.9481   |  33.8756   |
|      60     |  23.98058  |  26.27224  |  34.51598  |
|      80     |  23.01286  |   25.364   |  35.46594  |
|     100     |  21.8009   |  26.18576  |  35.03684  |
|  2147483647 |  50.37678  | 122.09406  | 120.23522  |
+-------------+------------+------------+------------+
